æ„å»ºå¼€å§‹äº: Tue 11 Nov 2025 02:02:51 PM UTC
[0;34m[INFO][0m å®‰è£…æ„å»ºä¾èµ–...
[0;34m[INFO][0m æ£€æµ‹åˆ°æœªåˆå¹¶çš„ /usrï¼Œå…ˆå®‰è£… usrmerge
[1;33m[WARNING][0m å®‰è£… usrmerge å¤±è´¥ï¼Œåç»­å®‰è£…å¯èƒ½å‡ºé”™
[0;34m[INFO][0m å®‰è£…ä¾èµ–: git
[1;33m[WARNING][0m å®‰è£… git å¤±è´¥
[0;34m[INFO][0m å®‰è£…ä¾èµ–: curl
[1;33m[WARNING][0m å®‰è£… curl å¤±è´¥
[0;34m[INFO][0m å®‰è£…ä¾èµ–: build-essential
[1;33m[WARNING][0m å®‰è£… build-essential å¤±è´¥
[0;34m[INFO][0m å®‰è£…ä¾èµ–: debootstrap
[1;33m[WARNING][0m å®‰è£… debootstrap å¤±è´¥
[0;34m[INFO][0m å®‰è£…ä¾èµ–: live-build
[1;33m[WARNING][0m å®‰è£… live-build å¤±è´¥
[0;34m[INFO][0m å®‰è£…ä¾èµ–: jq
[1;33m[WARNING][0m å®‰è£… jq å¤±è´¥
[0;34m[INFO][0m å®‰è£…ä¾èµ–: python3
[1;33m[WARNING][0m å®‰è£… python3 å¤±è´¥
[0;34m[INFO][0m å®‰è£…ä¾èµ–: python3-pip
[0;34m[INFO][0m å®‰è£…ä¾èµ–: qemu-user-static
[0;34m[INFO][0m å®‰è£…ä¾èµ–: binfmt-support
[1;33m[WARNING][0m å®‰è£… binfmt-support å¤±è´¥
[0;34m[INFO][0m å®‰è£…ä¾èµ–: docker.io
[1;33m[WARNING][0m å®‰è£… docker.io å¤±è´¥
[0;34m[INFO][0m å®‰è£…ä¾èµ–: debootstrap
[1;33m[WARNING][0m å®‰è£… debootstrap å¤±è´¥
[0;34m[INFO][0m å®‰è£…ä¾èµ–: arch-test
