[0;34m[INFO][0m Starting Radxa Cubie A7Z Custom System Build
[0;34m[INFO][0m Vendor: KrNormyDev, Product: a7zWos, Version: 1.0.0
[0;34m[INFO][0m Build Date: 20251111_061522
[0;34m[INFO][0m Checking build dependencies...
[0;32m[SUCCESS][0m All dependencies are available
[0;34m[INFO][0m Initializing build environment...
[0;32m[SUCCESS][0m Build environment initialized
[0;34m[INFO][0m Building Docker image: radxa-os-sdk:latest...
[0;31m[ERROR][0m Failed to build Docker image
[0;34m[INFO][0m Cleaning up build environment...
[0;32m[SUCCESS][0m Cleanup completed
[0;34m[INFO][0m Cleaning up build environment...
[0;32m[SUCCESS][0m Cleanup completed
[0;34m[INFO][0m Starting Radxa Cubie A7Z Custom System Build
[0;34m[INFO][0m Vendor: KrNormyDev, Product: a7zWos, Version: 1.0.0
[0;34m[INFO][0m Build Date: 20251111_061934
[0;34m[INFO][0m Checking build dependencies...
[0;32m[SUCCESS][0m All dependencies are available
[0;34m[INFO][0m Initializing build environment...
[0;32m[SUCCESS][0m Build environment initialized
[0;34m[INFO][0m Building Docker image: radxa-os-sdk:latest...
[0;34m[INFO][0m Trying to pull base image: debian:bookworm-slim
[1;33m[WARNING][0m Pull failed for debian:bookworm-slim (attempt 1/3). Retrying in 5s...
[1;33m[WARNING][0m Pull failed for debian:bookworm-slim (attempt 2/3). Retrying in 5s...
[1;33m[WARNING][0m Pull failed for debian:bookworm-slim (attempt 3/3). Retrying in 5s...
[0;34m[INFO][0m Trying to pull base image: registry.cn-hangzhou.aliyuncs.com/docker-library/debian:bookworm-slim
[1;33m[WARNING][0m Pull failed for registry.cn-hangzhou.aliyuncs.com/docker-library/debian:bookworm-slim (attempt 1/3). Retrying in 5s...
[1;33m[WARNING][0m Pull failed for registry.cn-hangzhou.aliyuncs.com/docker-library/debian:bookworm-slim (attempt 2/3). Retrying in 5s...
[1;33m[WARNING][0m Pull failed for registry.cn-hangzhou.aliyuncs.com/docker-library/debian:bookworm-slim (attempt 3/3). Retrying in 5s...
[0;34m[INFO][0m Trying to pull base image: hub-mirror.c.163.com/library/debian:bookworm-slim
[1;33m[WARNING][0m Pull failed for hub-mirror.c.163.com/library/debian:bookworm-slim (attempt 1/3). Retrying in 5s...
[1;33m[WARNING][0m Pull failed for hub-mirror.c.163.com/library/debian:bookworm-slim (attempt 2/3). Retrying in 5s...
[1;33m[WARNING][0m Pull failed for hub-mirror.c.163.com/library/debian:bookworm-slim (attempt 3/3). Retrying in 5s...
[0;31m[ERROR][0m Unable to pull base image from all candidates
[0;34m[INFO][0m Cleaning up build environment...
[0;32m[SUCCESS][0m Cleanup completed
[0;34m[INFO][0m Cleaning up build environment...
[0;32m[SUCCESS][0m Cleanup completed
[0;34m[INFO][0m Starting Radxa Cubie A7Z Custom System Build
[0;34m[INFO][0m Vendor: KrNormyDev, Product: a7zWos, Version: 1.0.0
[0;34m[INFO][0m Build Date: 20251111_062248
[0;34m[INFO][0m Checking build dependencies...
[0;32m[SUCCESS][0m All dependencies are available
[0;34m[INFO][0m Initializing build environment...
[0;32m[SUCCESS][0m Build environment initialized
[0;34m[INFO][0m Building Docker image: radxa-os-sdk:latest...
[0;34m[INFO][0m Trying to pull base image: debian:bookworm-slim
[1;33m[WARNING][0m Pull failed for debian:bookworm-slim (attempt 1/3). Retrying in 5s...
[1;33m[WARNING][0m Pull failed for debian:bookworm-slim (attempt 2/3). Retrying in 5s...
[1;33m[WARNING][0m Pull failed for debian:bookworm-slim (attempt 3/3). Retrying in 5s...
[0;34m[INFO][0m Trying to pull base image: docker.m.daocloud.io/library/debian:bookworm-slim
[0;32m[SUCCESS][0m Base image ready: docker.m.daocloud.io/library/debian:bookworm-slim
[1;33m[WARNING][0m Docker build failed (attempt 1/3). Retrying in 5s...
[1;33m[WARNING][0m Docker build failed (attempt 2/3). Retrying in 5s...
[1;33m[WARNING][0m Docker build failed (attempt 3/3). Retrying in 5s...
[0;31m[ERROR][0m Failed to build Docker image
[0;34m[INFO][0m Cleaning up build environment...
[0;32m[SUCCESS][0m Cleanup completed
[0;34m[INFO][0m Cleaning up build environment...
[0;32m[SUCCESS][0m Cleanup completed
